<?xml version="1.0" encoding="UTF-8"?>
<robot generator="Robot 6.0.2 (Python 3.9.7 on win32)" generated="20230330 22:42:35.052" rpa="false" schemaversion="3">
<suite id="s1" name="Register" source="C:\Users\dalbe\PycharmProjects\QA_and_Software_Test_Automation\Test\register.robot">
<test id="s1-t1" name="Test demo web shop tricents registration functionality" line="14">
<kw name="Open Browser" library="SeleniumLibrary">
<arg>${MainURL}</arg>
<arg>${Browser}</arg>
<doc>Opens a new browser instance to the optional ``url``.</doc>
<msg timestamp="20230330 22:42:35.291" level="INFO">Opening browser 'Chrome' to base url 'https://demowebshop.tricentis.com/'.</msg>
<status status="PASS" starttime="20230330 22:42:35.291" endtime="20230330 22:42:38.118"/>
</kw>
<kw name="Set Selenium Speed" library="SeleniumLibrary">
<arg>1 seconds</arg>
<doc>Sets the delay that is waited after each Selenium command.</doc>
<status status="PASS" starttime="20230330 22:42:38.119" endtime="20230330 22:42:38.119"/>
</kw>
<kw name="Maximize Browser Window" library="SeleniumLibrary">
<doc>Maximizes current browser window.</doc>
<status status="PASS" starttime="20230330 22:42:38.119" endtime="20230330 22:42:39.238"/>
</kw>
<kw name="Click Element" library="SeleniumLibrary">
<arg>xpath://a[@class='ico-register']</arg>
<doc>Click the element identified by ``locator``.</doc>
<msg timestamp="20230330 22:42:39.239" level="INFO">Clicking element 'xpath://a[@class='ico-register']'.</msg>
<status status="PASS" starttime="20230330 22:42:39.239" endtime="20230330 22:42:41.545"/>
</kw>
<kw name="Click Element" library="SeleniumLibrary">
<arg>xpath://input[@id='gender-male']</arg>
<doc>Click the element identified by ``locator``.</doc>
<msg timestamp="20230330 22:42:41.546" level="INFO">Clicking element 'xpath://input[@id='gender-male']'.</msg>
<status status="PASS" starttime="20230330 22:42:41.546" endtime="20230330 22:42:43.605"/>
</kw>
<kw name="Click Element" library="SeleniumLibrary">
<arg>xpath://input[@id='gender-female']</arg>
<doc>Click the element identified by ``locator``.</doc>
<msg timestamp="20230330 22:42:43.607" level="INFO">Clicking element 'xpath://input[@id='gender-female']'.</msg>
<status status="PASS" starttime="20230330 22:42:43.606" endtime="20230330 22:42:45.661"/>
</kw>
<kw name="Input Text" library="SeleniumLibrary">
<arg>xpath://input[@id='FirstName']</arg>
<arg>Daniel</arg>
<doc>Types the given ``text`` into the text field identified by ``locator``.</doc>
<msg timestamp="20230330 22:42:45.662" level="INFO">Typing text 'Daniel' into text field 'xpath://input[@id='FirstName']'.</msg>
<status status="PASS" starttime="20230330 22:42:45.661" endtime="20230330 22:42:48.784"/>
</kw>
<kw name="Input Text" library="SeleniumLibrary">
<arg>xpath://input[@id='LastName']</arg>
<arg>testing</arg>
<doc>Types the given ``text`` into the text field identified by ``locator``.</doc>
<msg timestamp="20230330 22:42:48.785" level="INFO">Typing text 'testing' into text field 'xpath://input[@id='LastName']'.</msg>
<status status="PASS" starttime="20230330 22:42:48.785" endtime="20230330 22:42:51.880"/>
</kw>
<kw name="Input Text" library="SeleniumLibrary">
<arg>xpath://input[@id='Email']</arg>
<arg>testing@gmail.com</arg>
<doc>Types the given ``text`` into the text field identified by ``locator``.</doc>
<msg timestamp="20230330 22:42:51.881" level="INFO">Typing text 'testing@gmail.com' into text field 'xpath://input[@id='Email']'.</msg>
<status status="PASS" starttime="20230330 22:42:51.880" endtime="20230330 22:42:54.992"/>
</kw>
<kw name="Input Text" library="SeleniumLibrary">
<arg>xpath://input[@id='Password']</arg>
<arg>testing</arg>
<doc>Types the given ``text`` into the text field identified by ``locator``.</doc>
<msg timestamp="20230330 22:42:54.993" level="INFO">Typing text 'testing' into text field 'xpath://input[@id='Password']'.</msg>
<status status="PASS" starttime="20230330 22:42:54.993" endtime="20230330 22:42:58.073"/>
</kw>
<kw name="Input Text" library="SeleniumLibrary">
<arg>xpath://input[@id='ConfirmPassword']</arg>
<arg>testing</arg>
<doc>Types the given ``text`` into the text field identified by ``locator``.</doc>
<msg timestamp="20230330 22:42:58.075" level="INFO">Typing text 'testing' into text field 'xpath://input[@id='ConfirmPassword']'.</msg>
<status status="PASS" starttime="20230330 22:42:58.074" endtime="20230330 22:43:01.157"/>
</kw>
<kw name="Close Browser" library="SeleniumLibrary">
<doc>Closes the current browser.</doc>
<status status="PASS" starttime="20230330 22:43:01.157" endtime="20230330 22:43:04.316"/>
</kw>
<tag>Regression</tag>
<status status="PASS" starttime="20230330 22:42:35.290" endtime="20230330 22:43:04.317"/>
</test>
<doc>To test login page</doc>
<status status="PASS" starttime="20230330 22:42:35.053" endtime="20230330 22:43:04.318"/>
</suite>
<statistics>
<total>
<stat pass="1" fail="0" skip="0">All Tests</stat>
</total>
<tag>
<stat pass="1" fail="0" skip="0">Regression</stat>
</tag>
<suite>
<stat pass="1" fail="0" skip="0" id="s1" name="Register">Register</stat>
</suite>
</statistics>
<errors>
</errors>
</robot>
